<?xml version="1.0" encoding="UTF-8"?>
<!-- Generated by org.testng.reporters.JUnitReportReporter -->
<testsuite hostname="Salmans-PC" name="com.nk.tests.RegisterPageTest" tests="9" failures="0" timestamp="20 Mar 2016 06:48:15 GMT" time="227.844" errors="0">
  <testcase name="verifyCreateYourJobAlert" time="124.290" classname="com.nk.tests.RegisterPageTest"/>
  <testcase name="verifyYourCurrentEmploymentDetails" time="25.537" classname="com.nk.tests.RegisterPageTest"/>
  <testcase name="verifyCreateLoginDetails" time="26.179" classname="com.nk.tests.RegisterPageTest"/>
  <testcase name="verifyCompleteMyProfilePage" time="7.083" classname="com.nk.tests.RegisterPageTest"/>
  <testcase name="popUpClose" time="0.258" classname="com.nk.tests.RegisterPageTest"/>
  <testcase name="verifyEducationDetails" time="14.061" classname="com.nk.tests.RegisterPageTest"/>
  <testcase name="verifyCompleteMyProfile" time="5.826" classname="com.nk.tests.RegisterPageTest"/>
  <testcase name="verifyRegistrationPage" time="16.251" classname="com.nk.tests.RegisterPageTest"/>
  <testcase name="verifyYourContactInformation" time="8.359" classname="com.nk.tests.RegisterPageTest"/>
</testsuite> <!-- com.nk.tests.RegisterPageTest -->
